<?xml version="1.0" encoding="UTF-8"?>
<testsuite name="com.interest.service.PostServiceImplTest" tests="3" skipped="0" failures="0" errors="0" timestamp="2023-09-12T09:23:37" hostname="DESKTOP-PDQ5IFR" time="0.111">
  <properties/>
  <testcase name="post_생성_실패_제목_글자수_초과()" classname="com.interest.service.PostServiceImplTest" time="0.06"/>
  <testcase name="post_업데이트_성공()" classname="com.interest.service.PostServiceImplTest" time="0.029"/>
  <testcase name="post_생성_성공()" classname="com.interest.service.PostServiceImplTest" time="0.018"/>
  <system-out><![CDATA[2023-09-12 18:23:37.719  INFO 43964 --- [    Test worker] .b.t.c.SpringBootTestContextBootstrapper : Neither @ContextConfiguration nor @ContextHierarchy found for test class [com.interest.service.PostServiceImplTest], using SpringBootContextLoader
2023-09-12 18:23:37.721  INFO 43964 --- [    Test worker] o.s.t.c.support.AbstractContextLoader    : Could not detect default resource locations for test class [com.interest.service.PostServiceImplTest]: no resource found for suffixes {-context.xml, Context.groovy}.
2023-09-12 18:23:37.723  INFO 43964 --- [    Test worker] t.c.s.AnnotationConfigContextLoaderUtils : Could not detect default configuration classes for test class [com.interest.service.PostServiceImplTest]: PostServiceImplTest does not declare any static, non-private, non-final, nested classes annotated with @Configuration.
2023-09-12 18:23:37.754  INFO 43964 --- [    Test worker] .b.t.c.SpringBootTestContextBootstrapper : Found @SpringBootConfiguration com.interest.Main for test class com.interest.service.PostServiceImplTest
2023-09-12 18:23:37.762  INFO 43964 --- [    Test worker] .b.t.c.SpringBootTestContextBootstrapper : Loaded default TestExecutionListener class names from location [META-INF/spring.factories]: [org.springframework.boot.test.autoconfigure.restdocs.RestDocsTestExecutionListener, org.springframework.boot.test.autoconfigure.web.client.MockRestServiceServerResetTestExecutionListener, org.springframework.boot.test.autoconfigure.web.servlet.MockMvcPrintOnlyOnFailureTestExecutionListener, org.springframework.boot.test.autoconfigure.web.servlet.WebDriverTestExecutionListener, org.springframework.boot.test.autoconfigure.webservices.client.MockWebServiceServerTestExecutionListener, org.springframework.boot.test.mock.mockito.MockitoTestExecutionListener, org.springframework.boot.test.mock.mockito.ResetMocksTestExecutionListener, org.springframework.test.context.web.ServletTestExecutionListener, org.springframework.test.context.support.DirtiesContextBeforeModesTestExecutionListener, org.springframework.test.context.event.ApplicationEventsTestExecutionListener, org.springframework.test.context.support.DependencyInjectionTestExecutionListener, org.springframework.test.context.support.DirtiesContextTestExecutionListener, org.springframework.test.context.transaction.TransactionalTestExecutionListener, org.springframework.test.context.jdbc.SqlScriptsTestExecutionListener, org.springframework.test.context.event.EventPublishingTestExecutionListener]
2023-09-12 18:23:37.764  INFO 43964 --- [    Test worker] .b.t.c.SpringBootTestContextBootstrapper : Using TestExecutionListeners: [org.springframework.test.context.web.ServletTestExecutionListener@1fa77770, org.springframework.test.context.support.DirtiesContextBeforeModesTestExecutionListener@62f3ad90, org.springframework.test.context.event.ApplicationEventsTestExecutionListener@18d63996, org.springframework.boot.test.mock.mockito.MockitoTestExecutionListener@6e6bd43b, org.springframework.boot.test.autoconfigure.SpringBootDependencyInjectionTestExecutionListener@4a532271, org.springframework.test.context.support.DirtiesContextTestExecutionListener@35b38986, org.springframework.test.context.transaction.TransactionalTestExecutionListener@1c000c2f, org.springframework.test.context.jdbc.SqlScriptsTestExecutionListener@2c7ac998, org.springframework.test.context.event.EventPublishingTestExecutionListener@7f6936cc, org.springframework.boot.test.autoconfigure.restdocs.RestDocsTestExecutionListener@56bf6f1e, org.springframework.boot.test.autoconfigure.web.client.MockRestServiceServerResetTestExecutionListener@4ac26092, org.springframework.boot.test.autoconfigure.web.servlet.MockMvcPrintOnlyOnFailureTestExecutionListener@308e465b, org.springframework.boot.test.autoconfigure.web.servlet.WebDriverTestExecutionListener@6e7d9d0, org.springframework.boot.test.autoconfigure.webservices.client.MockWebServiceServerTestExecutionListener@2b0d818d, org.springframework.boot.test.mock.mockito.ResetMocksTestExecutionListener@7212b28e]
Hibernate: 
    insert 
    into
        post
        (id, crated_at, last_modified_at, content, password, title) 
    values
        (default, ?, ?, ?, ?, ?)
Hibernate: 
    select
        post0_.id as id1_0_0_,
        post0_.crated_at as crated_a2_0_0_,
        post0_.last_modified_at as last_mod3_0_0_,
        post0_.content as content4_0_0_,
        post0_.password as password5_0_0_,
        post0_.title as title6_0_0_ 
    from
        post post0_ 
    where
        post0_.id=?
Hibernate: 
    insert 
    into
        post
        (id, crated_at, last_modified_at, content, password, title) 
    values
        (default, ?, ?, ?, ?, ?)
]]></system-out>
  <system-err><![CDATA[]]></system-err>
</testsuite>
