<?xml version="1.0" encoding="UTF-8"?>
<testsuite name="com.interest.service.PostServiceImplTest" tests="2" skipped="0" failures="0" errors="0" timestamp="2023-09-07T13:51:11" hostname="DESKTOP-PDQ5IFR" time="0.392">
  <properties/>
  <testcase name="post_생성_실패_제목_글자수_초과()" classname="com.interest.service.PostServiceImplTest" time="0.176"/>
  <testcase name="post_생성_성공()" classname="com.interest.service.PostServiceImplTest" time="0.214"/>
  <system-out><![CDATA[22:51:06.751 [Test worker] DEBUG org.springframework.test.context.BootstrapUtils - Instantiating CacheAwareContextLoaderDelegate from class [org.springframework.test.context.cache.DefaultCacheAwareContextLoaderDelegate]
22:51:06.769 [Test worker] DEBUG org.springframework.test.context.BootstrapUtils - Instantiating BootstrapContext using constructor [public org.springframework.test.context.support.DefaultBootstrapContext(java.lang.Class,org.springframework.test.context.CacheAwareContextLoaderDelegate)]
22:51:06.804 [Test worker] DEBUG org.springframework.test.context.BootstrapUtils - Instantiating TestContextBootstrapper for test class [com.interest.service.PostServiceImplTest] from class [org.springframework.boot.test.context.SpringBootTestContextBootstrapper]
22:51:06.816 [Test worker] INFO org.springframework.boot.test.context.SpringBootTestContextBootstrapper - Neither @ContextConfiguration nor @ContextHierarchy found for test class [com.interest.service.PostServiceImplTest], using SpringBootContextLoader
22:51:06.820 [Test worker] DEBUG org.springframework.test.context.support.AbstractContextLoader - Did not detect default resource location for test class [com.interest.service.PostServiceImplTest]: class path resource [com/interest/service/PostServiceImplTest-context.xml] does not exist
22:51:06.821 [Test worker] DEBUG org.springframework.test.context.support.AbstractContextLoader - Did not detect default resource location for test class [com.interest.service.PostServiceImplTest]: class path resource [com/interest/service/PostServiceImplTestContext.groovy] does not exist
22:51:06.821 [Test worker] INFO org.springframework.test.context.support.AbstractContextLoader - Could not detect default resource locations for test class [com.interest.service.PostServiceImplTest]: no resource found for suffixes {-context.xml, Context.groovy}.
22:51:06.822 [Test worker] INFO org.springframework.test.context.support.AnnotationConfigContextLoaderUtils - Could not detect default configuration classes for test class [com.interest.service.PostServiceImplTest]: PostServiceImplTest does not declare any static, non-private, non-final, nested classes annotated with @Configuration.
22:51:06.870 [Test worker] DEBUG org.springframework.test.context.support.ActiveProfilesUtils - Could not find an 'annotation declaring class' for annotation type [org.springframework.test.context.ActiveProfiles] and class [com.interest.service.PostServiceImplTest]
22:51:06.939 [Test worker] DEBUG org.springframework.context.annotation.ClassPathScanningCandidateComponentProvider - Identified candidate component class: file [C:\Users\actgo\Documents\study_java_spring\toy\build\classes\java\main\com\interest\Main.class]
22:51:06.940 [Test worker] INFO org.springframework.boot.test.context.SpringBootTestContextBootstrapper - Found @SpringBootConfiguration com.interest.Main for test class com.interest.service.PostServiceImplTest
22:51:07.038 [Test worker] DEBUG org.springframework.boot.test.context.SpringBootTestContextBootstrapper - @TestExecutionListeners is not present for class [com.interest.service.PostServiceImplTest]: using defaults.
22:51:07.038 [Test worker] INFO org.springframework.boot.test.context.SpringBootTestContextBootstrapper - Loaded default TestExecutionListener class names from location [META-INF/spring.factories]: [org.springframework.boot.test.autoconfigure.restdocs.RestDocsTestExecutionListener, org.springframework.boot.test.autoconfigure.web.client.MockRestServiceServerResetTestExecutionListener, org.springframework.boot.test.autoconfigure.web.servlet.MockMvcPrintOnlyOnFailureTestExecutionListener, org.springframework.boot.test.autoconfigure.web.servlet.WebDriverTestExecutionListener, org.springframework.boot.test.autoconfigure.webservices.client.MockWebServiceServerTestExecutionListener, org.springframework.boot.test.mock.mockito.MockitoTestExecutionListener, org.springframework.boot.test.mock.mockito.ResetMocksTestExecutionListener, org.springframework.test.context.web.ServletTestExecutionListener, org.springframework.test.context.support.DirtiesContextBeforeModesTestExecutionListener, org.springframework.test.context.event.ApplicationEventsTestExecutionListener, org.springframework.test.context.support.DependencyInjectionTestExecutionListener, org.springframework.test.context.support.DirtiesContextTestExecutionListener, org.springframework.test.context.transaction.TransactionalTestExecutionListener, org.springframework.test.context.jdbc.SqlScriptsTestExecutionListener, org.springframework.test.context.event.EventPublishingTestExecutionListener]
22:51:07.064 [Test worker] INFO org.springframework.boot.test.context.SpringBootTestContextBootstrapper - Using TestExecutionListeners: [org.springframework.test.context.web.ServletTestExecutionListener@7048f722, org.springframework.test.context.support.DirtiesContextBeforeModesTestExecutionListener@c074c0c, org.springframework.test.context.event.ApplicationEventsTestExecutionListener@58a55449, org.springframework.boot.test.mock.mockito.MockitoTestExecutionListener@5949eba8, org.springframework.boot.test.autoconfigure.SpringBootDependencyInjectionTestExecutionListener@6e0ff644, org.springframework.test.context.support.DirtiesContextTestExecutionListener@58dea0a5, org.springframework.test.context.transaction.TransactionalTestExecutionListener@2a2bb0eb, org.springframework.test.context.jdbc.SqlScriptsTestExecutionListener@3c291aad, org.springframework.test.context.event.EventPublishingTestExecutionListener@2d0566ba, org.springframework.boot.test.autoconfigure.restdocs.RestDocsTestExecutionListener@733037, org.springframework.boot.test.autoconfigure.web.client.MockRestServiceServerResetTestExecutionListener@7728643a, org.springframework.boot.test.autoconfigure.web.servlet.MockMvcPrintOnlyOnFailureTestExecutionListener@320e400, org.springframework.boot.test.autoconfigure.web.servlet.WebDriverTestExecutionListener@5167268, org.springframework.boot.test.autoconfigure.webservices.client.MockWebServiceServerTestExecutionListener@1cfd1875, org.springframework.boot.test.mock.mockito.ResetMocksTestExecutionListener@28c0b664]
22:51:07.068 [Test worker] DEBUG org.springframework.test.context.support.AbstractDirtiesContextTestExecutionListener - Before test class: context [DefaultTestContext@160c3ec1 testClass = PostServiceImplTest, testInstance = [null], testMethod = [null], testException = [null], mergedContextConfiguration = [WebMergedContextConfiguration@182b435b testClass = PostServiceImplTest, locations = '{}', classes = '{class com.interest.Main}', contextInitializerClasses = '[]', activeProfiles = '{}', propertySourceLocations = '{}', propertySourceProperties = '{org.springframework.boot.test.context.SpringBootTestContextBootstrapper=true}', contextCustomizers = set[org.springframework.boot.test.autoconfigure.actuate.metrics.MetricsExportContextCustomizerFactory$DisableMetricExportContextCustomizer@1cbf6e72, org.springframework.boot.test.autoconfigure.properties.PropertyMappingContextCustomizer@0, org.springframework.boot.test.autoconfigure.web.servlet.WebDriverContextCustomizerFactory$Customizer@56a4479a, org.springframework.boot.test.context.filter.ExcludeFilterContextCustomizer@4504d271, org.springframework.boot.test.json.DuplicateJsonObjectContextCustomizerFactory$DuplicateJsonObjectContextCustomizer@2b5825fa, org.springframework.boot.test.mock.mockito.MockitoContextCustomizer@0, org.springframework.boot.test.web.client.TestRestTemplateContextCustomizer@42f48531, org.springframework.boot.test.context.SpringBootTestArgs@1, org.springframework.boot.test.context.SpringBootTestWebEnvironment@70e38ce1], resourceBasePath = 'src/main/webapp', contextLoader = 'org.springframework.boot.test.context.SpringBootContextLoader', parent = [null]], attributes = map['org.springframework.test.context.web.ServletTestExecutionListener.activateListener' -> true]], class annotated with @DirtiesContext [false] with mode [null].

  .   ____          _            __ _ _
 /\\ / ___'_ __ _ _(_)_ __  __ _ \ \ \ \
( ( )\___ | '_ | '_| | '_ \/ _` | \ \ \ \
 \\/  ___)| |_)| | | | | || (_| |  ) ) ) )
  '  |____| .__|_| |_|_| |_\__, | / / / /
 =========|_|==============|___/=/_/_/_/
 :: Spring Boot ::               (v2.7.14)

2023-09-07 22:51:07.470  INFO 19720 --- [    Test worker] c.interest.service.PostServiceImplTest   : Starting PostServiceImplTest using Java 11.0.17 on DESKTOP-PDQ5IFR with PID 19720 (started by actgo in C:\Users\actgo\Documents\study_java_spring\toy)
2023-09-07 22:51:07.471  INFO 19720 --- [    Test worker] c.interest.service.PostServiceImplTest   : No active profile set, falling back to 1 default profile: "default"
2023-09-07 22:51:08.234  INFO 19720 --- [    Test worker] .s.d.r.c.RepositoryConfigurationDelegate : Bootstrapping Spring Data JPA repositories in DEFAULT mode.
2023-09-07 22:51:08.296  INFO 19720 --- [    Test worker] .s.d.r.c.RepositoryConfigurationDelegate : Finished Spring Data repository scanning in 53 ms. Found 2 JPA repository interfaces.
2023-09-07 22:51:08.928  INFO 19720 --- [    Test worker] o.hibernate.jpa.internal.util.LogHelper  : HHH000204: Processing PersistenceUnitInfo [name: default]
2023-09-07 22:51:08.987  INFO 19720 --- [    Test worker] org.hibernate.Version                    : HHH000412: Hibernate ORM core version 5.6.15.Final
2023-09-07 22:51:09.181  INFO 19720 --- [    Test worker] o.hibernate.annotations.common.Version   : HCANN000001: Hibernate Commons Annotations {5.1.2.Final}
2023-09-07 22:51:09.317  INFO 19720 --- [    Test worker] com.zaxxer.hikari.HikariDataSource       : HikariPool-1 - Starting...
2023-09-07 22:51:09.573  INFO 19720 --- [    Test worker] com.zaxxer.hikari.HikariDataSource       : HikariPool-1 - Start completed.
2023-09-07 22:51:09.619  INFO 19720 --- [    Test worker] org.hibernate.dialect.Dialect            : HHH000400: Using dialect: org.hibernate.dialect.H2Dialect
Hibernate: 
    
    drop table if exists post CASCADE 
Hibernate: 
    
    drop table if exists users CASCADE 
Hibernate: 
    
    create table post (
       id bigint generated by default as identity,
        crated_at timestamp,
        last_modified_at timestamp,
        content varchar(255),
        password varchar(255),
        title varchar(255),
        primary key (id)
    )
Hibernate: 
    
    create table users (
       id bigint generated by default as identity,
        crated_at timestamp,
        last_modified_at timestamp,
        email varchar(255),
        password varchar(255),
        user_name varchar(255),
        primary key (id)
    )
2023-09-07 22:51:10.395  INFO 19720 --- [    Test worker] o.h.e.t.j.p.i.JtaPlatformInitiator       : HHH000490: Using JtaPlatform implementation: [org.hibernate.engine.transaction.jta.platform.internal.NoJtaPlatform]
2023-09-07 22:51:10.407  INFO 19720 --- [    Test worker] j.LocalContainerEntityManagerFactoryBean : Initialized JPA EntityManagerFactory for persistence unit 'default'
2023-09-07 22:51:11.101  WARN 19720 --- [    Test worker] JpaBaseConfiguration$JpaWebConfiguration : spring.jpa.open-in-view is enabled by default. Therefore, database queries may be performed during view rendering. Explicitly configure spring.jpa.open-in-view to disable this warning
2023-09-07 22:51:11.435  INFO 19720 --- [    Test worker] o.s.b.a.h2.H2ConsoleAutoConfiguration    : H2 console available at '/h2-console'. Database available at 'jdbc:h2:mem:test'
2023-09-07 22:51:11.904  INFO 19720 --- [    Test worker] c.interest.service.PostServiceImplTest   : Started PostServiceImplTest in 4.801 seconds (JVM running for 6.453)
Hibernate: 
    insert 
    into
        post
        (id, crated_at, last_modified_at, content, password, title) 
    values
        (default, ?, ?, ?, ?, ?)
]]></system-out>
  <system-err><![CDATA[]]></system-err>
</testsuite>
