<?xml version="1.0" encoding="UTF-8"?>
<testsuite name="com.interest.repository.UsersRepositoryTest" tests="1" skipped="0" failures="0" errors="0" timestamp="2023-09-12T09:23:37" hostname="DESKTOP-PDQ5IFR" time="0.028">
  <properties/>
  <testcase name="users_객체_생성_성공()" classname="com.interest.repository.UsersRepositoryTest" time="0.028"/>
  <system-out><![CDATA[2023-09-12 18:23:37.660  INFO 43964 --- [    Test worker] .b.t.c.SpringBootTestContextBootstrapper : Neither @ContextConfiguration nor @ContextHierarchy found for test class [com.interest.repository.UsersRepositoryTest], using SpringBootContextLoader
2023-09-12 18:23:37.662  INFO 43964 --- [    Test worker] o.s.t.c.support.AbstractContextLoader    : Could not detect default resource locations for test class [com.interest.repository.UsersRepositoryTest]: no resource found for suffixes {-context.xml, Context.groovy}.
2023-09-12 18:23:37.663  INFO 43964 --- [    Test worker] t.c.s.AnnotationConfigContextLoaderUtils : Could not detect default configuration classes for test class [com.interest.repository.UsersRepositoryTest]: UsersRepositoryTest does not declare any static, non-private, non-final, nested classes annotated with @Configuration.
2023-09-12 18:23:37.667  INFO 43964 --- [    Test worker] .b.t.c.SpringBootTestContextBootstrapper : Found @SpringBootConfiguration com.interest.Main for test class com.interest.repository.UsersRepositoryTest
2023-09-12 18:23:37.670  INFO 43964 --- [    Test worker] .b.t.c.SpringBootTestContextBootstrapper : Loaded default TestExecutionListener class names from location [META-INF/spring.factories]: [org.springframework.boot.test.autoconfigure.restdocs.RestDocsTestExecutionListener, org.springframework.boot.test.autoconfigure.web.client.MockRestServiceServerResetTestExecutionListener, org.springframework.boot.test.autoconfigure.web.servlet.MockMvcPrintOnlyOnFailureTestExecutionListener, org.springframework.boot.test.autoconfigure.web.servlet.WebDriverTestExecutionListener, org.springframework.boot.test.autoconfigure.webservices.client.MockWebServiceServerTestExecutionListener, org.springframework.boot.test.mock.mockito.MockitoTestExecutionListener, org.springframework.boot.test.mock.mockito.ResetMocksTestExecutionListener, org.springframework.test.context.web.ServletTestExecutionListener, org.springframework.test.context.support.DirtiesContextBeforeModesTestExecutionListener, org.springframework.test.context.event.ApplicationEventsTestExecutionListener, org.springframework.test.context.support.DependencyInjectionTestExecutionListener, org.springframework.test.context.support.DirtiesContextTestExecutionListener, org.springframework.test.context.transaction.TransactionalTestExecutionListener, org.springframework.test.context.jdbc.SqlScriptsTestExecutionListener, org.springframework.test.context.event.EventPublishingTestExecutionListener]
2023-09-12 18:23:37.672  INFO 43964 --- [    Test worker] .b.t.c.SpringBootTestContextBootstrapper : Using TestExecutionListeners: [org.springframework.test.context.web.ServletTestExecutionListener@1516f497, org.springframework.test.context.support.DirtiesContextBeforeModesTestExecutionListener@34766f4b, org.springframework.test.context.event.ApplicationEventsTestExecutionListener@4d204b30, org.springframework.boot.test.mock.mockito.MockitoTestExecutionListener@6600d07d, org.springframework.boot.test.autoconfigure.SpringBootDependencyInjectionTestExecutionListener@44103266, org.springframework.test.context.support.DirtiesContextTestExecutionListener@439b0198, org.springframework.test.context.transaction.TransactionalTestExecutionListener@c2dab10, org.springframework.test.context.jdbc.SqlScriptsTestExecutionListener@6c4e11d0, org.springframework.test.context.event.EventPublishingTestExecutionListener@29088d3d, org.springframework.boot.test.autoconfigure.restdocs.RestDocsTestExecutionListener@3284de45, org.springframework.boot.test.autoconfigure.web.client.MockRestServiceServerResetTestExecutionListener@5390862e, org.springframework.boot.test.autoconfigure.web.servlet.MockMvcPrintOnlyOnFailureTestExecutionListener@4fccdd1d, org.springframework.boot.test.autoconfigure.web.servlet.WebDriverTestExecutionListener@22c0c0bc, org.springframework.boot.test.autoconfigure.webservices.client.MockWebServiceServerTestExecutionListener@36a25457, org.springframework.boot.test.mock.mockito.ResetMocksTestExecutionListener@61d4155b]
Hibernate: 
    insert 
    into
        users
        (id, crated_at, last_modified_at, email, password, user_name) 
    values
        (default, ?, ?, ?, ?, ?)
]]></system-out>
  <system-err><![CDATA[]]></system-err>
</testsuite>
