<?xml version="1.0" encoding="UTF-8"?>
<testsuite name="com.interest.repository.PostRepositoryTest" tests="1" skipped="0" failures="0" errors="0" timestamp="2023-09-04T13:24:23" hostname="DESKTOP-PDQ5IFR" time="1.08">
  <properties/>
  <testcase name="post_생성_성공()" classname="com.interest.repository.PostRepositoryTest" time="1.08"/>
  <system-out><![CDATA[22:24:09.768 [Test worker] DEBUG org.springframework.test.context.BootstrapUtils - Instantiating CacheAwareContextLoaderDelegate from class [org.springframework.test.context.cache.DefaultCacheAwareContextLoaderDelegate]
22:24:09.792 [Test worker] DEBUG org.springframework.test.context.BootstrapUtils - Instantiating BootstrapContext using constructor [public org.springframework.test.context.support.DefaultBootstrapContext(java.lang.Class,org.springframework.test.context.CacheAwareContextLoaderDelegate)]
22:24:09.870 [Test worker] DEBUG org.springframework.test.context.BootstrapUtils - Instantiating TestContextBootstrapper for test class [com.interest.repository.PostRepositoryTest] from class [org.springframework.boot.test.context.SpringBootTestContextBootstrapper]
22:24:09.908 [Test worker] INFO org.springframework.boot.test.context.SpringBootTestContextBootstrapper - Neither @ContextConfiguration nor @ContextHierarchy found for test class [com.interest.repository.PostRepositoryTest], using SpringBootContextLoader
22:24:09.920 [Test worker] DEBUG org.springframework.test.context.support.AbstractContextLoader - Did not detect default resource location for test class [com.interest.repository.PostRepositoryTest]: class path resource [com/interest/repository/PostRepositoryTest-context.xml] does not exist
22:24:09.921 [Test worker] DEBUG org.springframework.test.context.support.AbstractContextLoader - Did not detect default resource location for test class [com.interest.repository.PostRepositoryTest]: class path resource [com/interest/repository/PostRepositoryTestContext.groovy] does not exist
22:24:09.922 [Test worker] INFO org.springframework.test.context.support.AbstractContextLoader - Could not detect default resource locations for test class [com.interest.repository.PostRepositoryTest]: no resource found for suffixes {-context.xml, Context.groovy}.
22:24:09.924 [Test worker] INFO org.springframework.test.context.support.AnnotationConfigContextLoaderUtils - Could not detect default configuration classes for test class [com.interest.repository.PostRepositoryTest]: PostRepositoryTest does not declare any static, non-private, non-final, nested classes annotated with @Configuration.
22:24:10.053 [Test worker] DEBUG org.springframework.test.context.support.ActiveProfilesUtils - Could not find an 'annotation declaring class' for annotation type [org.springframework.test.context.ActiveProfiles] and class [com.interest.repository.PostRepositoryTest]
22:24:10.224 [Test worker] DEBUG org.springframework.context.annotation.ClassPathScanningCandidateComponentProvider - Identified candidate component class: file [C:\Users\actgo\Documents\study_java_spring\toy\build\classes\java\main\com\interest\Main.class]
22:24:10.227 [Test worker] INFO org.springframework.boot.test.context.SpringBootTestContextBootstrapper - Found @SpringBootConfiguration com.interest.Main for test class com.interest.repository.PostRepositoryTest
22:24:10.461 [Test worker] DEBUG org.springframework.boot.test.context.SpringBootTestContextBootstrapper - @TestExecutionListeners is not present for class [com.interest.repository.PostRepositoryTest]: using defaults.
22:24:10.462 [Test worker] INFO org.springframework.boot.test.context.SpringBootTestContextBootstrapper - Loaded default TestExecutionListener class names from location [META-INF/spring.factories]: [org.springframework.boot.test.autoconfigure.restdocs.RestDocsTestExecutionListener, org.springframework.boot.test.autoconfigure.web.client.MockRestServiceServerResetTestExecutionListener, org.springframework.boot.test.autoconfigure.web.servlet.MockMvcPrintOnlyOnFailureTestExecutionListener, org.springframework.boot.test.autoconfigure.web.servlet.WebDriverTestExecutionListener, org.springframework.boot.test.autoconfigure.webservices.client.MockWebServiceServerTestExecutionListener, org.springframework.boot.test.mock.mockito.MockitoTestExecutionListener, org.springframework.boot.test.mock.mockito.ResetMocksTestExecutionListener, org.springframework.test.context.web.ServletTestExecutionListener, org.springframework.test.context.support.DirtiesContextBeforeModesTestExecutionListener, org.springframework.test.context.event.ApplicationEventsTestExecutionListener, org.springframework.test.context.support.DependencyInjectionTestExecutionListener, org.springframework.test.context.support.DirtiesContextTestExecutionListener, org.springframework.test.context.transaction.TransactionalTestExecutionListener, org.springframework.test.context.jdbc.SqlScriptsTestExecutionListener, org.springframework.test.context.event.EventPublishingTestExecutionListener]
22:24:10.511 [Test worker] INFO org.springframework.boot.test.context.SpringBootTestContextBootstrapper - Using TestExecutionListeners: [org.springframework.test.context.web.ServletTestExecutionListener@3a80515c, org.springframework.test.context.support.DirtiesContextBeforeModesTestExecutionListener@547e29a4, org.springframework.test.context.event.ApplicationEventsTestExecutionListener@1c807b1d, org.springframework.boot.test.mock.mockito.MockitoTestExecutionListener@238b521e, org.springframework.boot.test.autoconfigure.SpringBootDependencyInjectionTestExecutionListener@1b39fd82, org.springframework.test.context.support.DirtiesContextTestExecutionListener@3e2fc448, org.springframework.test.context.transaction.TransactionalTestExecutionListener@21680803, org.springframework.test.context.jdbc.SqlScriptsTestExecutionListener@588ab592, org.springframework.test.context.event.EventPublishingTestExecutionListener@c8b96ec, org.springframework.boot.test.autoconfigure.restdocs.RestDocsTestExecutionListener@4cc61eb1, org.springframework.boot.test.autoconfigure.web.client.MockRestServiceServerResetTestExecutionListener@2d8f2f3a, org.springframework.boot.test.autoconfigure.web.servlet.MockMvcPrintOnlyOnFailureTestExecutionListener@2024293c, org.springframework.boot.test.autoconfigure.web.servlet.WebDriverTestExecutionListener@7048f722, org.springframework.boot.test.autoconfigure.webservices.client.MockWebServiceServerTestExecutionListener@c074c0c, org.springframework.boot.test.mock.mockito.ResetMocksTestExecutionListener@58a55449]
22:24:10.518 [Test worker] DEBUG org.springframework.test.context.support.AbstractDirtiesContextTestExecutionListener - Before test class: context [DefaultTestContext@29d2d081 testClass = PostRepositoryTest, testInstance = [null], testMethod = [null], testException = [null], mergedContextConfiguration = [WebMergedContextConfiguration@40e4ea87 testClass = PostRepositoryTest, locations = '{}', classes = '{class com.interest.Main}', contextInitializerClasses = '[]', activeProfiles = '{}', propertySourceLocations = '{}', propertySourceProperties = '{org.springframework.boot.test.context.SpringBootTestContextBootstrapper=true}', contextCustomizers = set[org.springframework.boot.test.autoconfigure.actuate.metrics.MetricsExportContextCustomizerFactory$DisableMetricExportContextCustomizer@7fc6de5b, org.springframework.boot.test.autoconfigure.properties.PropertyMappingContextCustomizer@0, org.springframework.boot.test.autoconfigure.web.servlet.WebDriverContextCustomizerFactory$Customizer@57eda880, org.springframework.boot.test.context.filter.ExcludeFilterContextCustomizer@7c209437, org.springframework.boot.test.json.DuplicateJsonObjectContextCustomizerFactory$DuplicateJsonObjectContextCustomizer@4febb875, org.springframework.boot.test.mock.mockito.MockitoContextCustomizer@0, org.springframework.boot.test.web.client.TestRestTemplateContextCustomizer@758c83d8, org.springframework.boot.test.context.SpringBootTestArgs@1, org.springframework.boot.test.context.SpringBootTestWebEnvironment@4808bc9b], resourceBasePath = 'src/main/webapp', contextLoader = 'org.springframework.boot.test.context.SpringBootContextLoader', parent = [null]], attributes = map['org.springframework.test.context.web.ServletTestExecutionListener.activateListener' -> true]], class annotated with @DirtiesContext [false] with mode [null].

  .   ____          _            __ _ _
 /\\ / ___'_ __ _ _(_)_ __  __ _ \ \ \ \
( ( )\___ | '_ | '_| | '_ \/ _` | \ \ \ \
 \\/  ___)| |_)| | | | | || (_| |  ) ) ) )
  '  |____| .__|_| |_|_| |_\__, | / / / /
 =========|_|==============|___/=/_/_/_/
 :: Spring Boot ::               (v2.7.14)

2023-09-04 22:24:11.554  INFO 6228 --- [    Test worker] c.i.repository.PostRepositoryTest        : Starting PostRepositoryTest using Java 11.0.17 on DESKTOP-PDQ5IFR with PID 6228 (started by actgo in C:\Users\actgo\Documents\study_java_spring\toy)
2023-09-04 22:24:11.556  INFO 6228 --- [    Test worker] c.i.repository.PostRepositoryTest        : No active profile set, falling back to 1 default profile: "default"
2023-09-04 22:24:13.400  INFO 6228 --- [    Test worker] .s.d.r.c.RepositoryConfigurationDelegate : Bootstrapping Spring Data JPA repositories in DEFAULT mode.
2023-09-04 22:24:13.508  INFO 6228 --- [    Test worker] .s.d.r.c.RepositoryConfigurationDelegate : Finished Spring Data repository scanning in 92 ms. Found 2 JPA repository interfaces.
2023-09-04 22:24:15.137  INFO 6228 --- [    Test worker] o.hibernate.jpa.internal.util.LogHelper  : HHH000204: Processing PersistenceUnitInfo [name: default]
2023-09-04 22:24:15.321  INFO 6228 --- [    Test worker] org.hibernate.Version                    : HHH000412: Hibernate ORM core version 5.6.15.Final
2023-09-04 22:24:15.734  INFO 6228 --- [    Test worker] o.hibernate.annotations.common.Version   : HCANN000001: Hibernate Commons Annotations {5.1.2.Final}
2023-09-04 22:24:16.177  INFO 6228 --- [    Test worker] com.zaxxer.hikari.HikariDataSource       : HikariPool-1 - Starting...
2023-09-04 22:24:16.893  INFO 6228 --- [    Test worker] com.zaxxer.hikari.HikariDataSource       : HikariPool-1 - Start completed.
2023-09-04 22:24:17.032  INFO 6228 --- [    Test worker] org.hibernate.dialect.Dialect            : HHH000400: Using dialect: org.hibernate.dialect.H2Dialect
Hibernate: 
    
    drop table if exists post CASCADE 
Hibernate: 
    
    drop table if exists users CASCADE 
Hibernate: 
    
    create table post (
       id bigint generated by default as identity,
        content varchar(255),
        created_at timestamp,
        last_modified_at timestamp,
        password varchar(255),
        title varchar(255),
        primary key (id)
    )
Hibernate: 
    
    create table users (
       id bigint generated by default as identity,
        created_at timestamp,
        email varchar(255),
        password varchar(255),
        user_name varchar(255),
        primary key (id)
    )
2023-09-04 22:24:19.028  INFO 6228 --- [    Test worker] o.h.e.t.j.p.i.JtaPlatformInitiator       : HHH000490: Using JtaPlatform implementation: [org.hibernate.engine.transaction.jta.platform.internal.NoJtaPlatform]
2023-09-04 22:24:19.059  INFO 6228 --- [    Test worker] j.LocalContainerEntityManagerFactoryBean : Initialized JPA EntityManagerFactory for persistence unit 'default'
2023-09-04 22:24:19.817  WARN 6228 --- [    Test worker] JpaBaseConfiguration$JpaWebConfiguration : spring.jpa.open-in-view is enabled by default. Therefore, database queries may be performed during view rendering. Explicitly configure spring.jpa.open-in-view to disable this warning
2023-09-04 22:24:20.823  INFO 6228 --- [    Test worker] o.s.b.a.h2.H2ConsoleAutoConfiguration    : H2 console available at '/h2-console'. Database available at 'jdbc:h2:mem:test'
2023-09-04 22:24:22.994  INFO 6228 --- [    Test worker] c.i.repository.PostRepositoryTest        : Started PostRepositoryTest in 12.414 seconds (JVM running for 16.24)
Hibernate: 
    insert 
    into
        post
        (id, content, created_at, last_modified_at, password, title) 
    values
        (default, ?, ?, ?, ?, ?)
Hibernate: 
    select
        post0_.id as id1_0_0_,
        post0_.content as content2_0_0_,
        post0_.created_at as created_3_0_0_,
        post0_.last_modified_at as last_mod4_0_0_,
        post0_.password as password5_0_0_,
        post0_.title as title6_0_0_ 
    from
        post post0_ 
    where
        post0_.id=?
]]></system-out>
  <system-err><![CDATA[]]></system-err>
</testsuite>
