<?xml version="1.0" encoding="UTF-8"?>
<testsuite name="com.interest.repository.UsersRepositoryTest" tests="1" skipped="0" failures="0" errors="0" timestamp="2023-09-04T13:32:25" hostname="DESKTOP-PDQ5IFR" time="0.094">
  <properties/>
  <testcase name="users_객체_생성_성공()" classname="com.interest.repository.UsersRepositoryTest" time="0.094"/>
  <system-out><![CDATA[2023-09-04 22:32:25.705  INFO 34424 --- [    Test worker] .b.t.c.SpringBootTestContextBootstrapper : Neither @ContextConfiguration nor @ContextHierarchy found for test class [com.interest.repository.UsersRepositoryTest], using SpringBootContextLoader
2023-09-04 22:32:25.708  INFO 34424 --- [    Test worker] o.s.t.c.support.AbstractContextLoader    : Could not detect default resource locations for test class [com.interest.repository.UsersRepositoryTest]: no resource found for suffixes {-context.xml, Context.groovy}.
2023-09-04 22:32:25.708  INFO 34424 --- [    Test worker] t.c.s.AnnotationConfigContextLoaderUtils : Could not detect default configuration classes for test class [com.interest.repository.UsersRepositoryTest]: UsersRepositoryTest does not declare any static, non-private, non-final, nested classes annotated with @Configuration.
2023-09-04 22:32:25.717  INFO 34424 --- [    Test worker] .b.t.c.SpringBootTestContextBootstrapper : Found @SpringBootConfiguration com.interest.Main for test class com.interest.repository.UsersRepositoryTest
2023-09-04 22:32:25.724  INFO 34424 --- [    Test worker] .b.t.c.SpringBootTestContextBootstrapper : Loaded default TestExecutionListener class names from location [META-INF/spring.factories]: [org.springframework.boot.test.autoconfigure.restdocs.RestDocsTestExecutionListener, org.springframework.boot.test.autoconfigure.web.client.MockRestServiceServerResetTestExecutionListener, org.springframework.boot.test.autoconfigure.web.servlet.MockMvcPrintOnlyOnFailureTestExecutionListener, org.springframework.boot.test.autoconfigure.web.servlet.WebDriverTestExecutionListener, org.springframework.boot.test.autoconfigure.webservices.client.MockWebServiceServerTestExecutionListener, org.springframework.boot.test.mock.mockito.MockitoTestExecutionListener, org.springframework.boot.test.mock.mockito.ResetMocksTestExecutionListener, org.springframework.test.context.web.ServletTestExecutionListener, org.springframework.test.context.support.DirtiesContextBeforeModesTestExecutionListener, org.springframework.test.context.event.ApplicationEventsTestExecutionListener, org.springframework.test.context.support.DependencyInjectionTestExecutionListener, org.springframework.test.context.support.DirtiesContextTestExecutionListener, org.springframework.test.context.transaction.TransactionalTestExecutionListener, org.springframework.test.context.jdbc.SqlScriptsTestExecutionListener, org.springframework.test.context.event.EventPublishingTestExecutionListener]
2023-09-04 22:32:25.725  INFO 34424 --- [    Test worker] .b.t.c.SpringBootTestContextBootstrapper : Using TestExecutionListeners: [org.springframework.test.context.web.ServletTestExecutionListener@3ef4a8fb, org.springframework.test.context.support.DirtiesContextBeforeModesTestExecutionListener@30f99ca1, org.springframework.test.context.event.ApplicationEventsTestExecutionListener@edb8f0c, org.springframework.boot.test.mock.mockito.MockitoTestExecutionListener@6f70015, org.springframework.boot.test.autoconfigure.SpringBootDependencyInjectionTestExecutionListener@1d5fc340, org.springframework.test.context.support.DirtiesContextTestExecutionListener@613f48de, org.springframework.test.context.transaction.TransactionalTestExecutionListener@33ce081a, org.springframework.test.context.jdbc.SqlScriptsTestExecutionListener@d8751de, org.springframework.test.context.event.EventPublishingTestExecutionListener@6e21c6ed, org.springframework.boot.test.autoconfigure.restdocs.RestDocsTestExecutionListener@75c30a4f, org.springframework.boot.test.autoconfigure.web.client.MockRestServiceServerResetTestExecutionListener@360e4235, org.springframework.boot.test.autoconfigure.web.servlet.MockMvcPrintOnlyOnFailureTestExecutionListener@1b0fc8b, org.springframework.boot.test.autoconfigure.web.servlet.WebDriverTestExecutionListener@61c644fe, org.springframework.boot.test.autoconfigure.webservices.client.MockWebServiceServerTestExecutionListener@cbaabfb, org.springframework.boot.test.mock.mockito.ResetMocksTestExecutionListener@48614fb3]
Hibernate: 
    insert 
    into
        users
        (id, crated_at, last_modified_at, email, password, user_name) 
    values
        (default, ?, ?, ?, ?, ?)
]]></system-out>
  <system-err><![CDATA[]]></system-err>
</testsuite>
