<?xml version="1.0" encoding="UTF-8"?>
<testsuite name="com.interest.repository.PostRepositoryTest" tests="1" skipped="0" failures="0" errors="0" timestamp="2023-09-10T11:13:29" hostname="DESKTOP-PDQ5IFR" time="0.179">
  <properties/>
  <testcase name="post_생성_성공()" classname="com.interest.repository.PostRepositoryTest" time="0.179"/>
  <system-out><![CDATA[2023-09-10 20:13:29.129  INFO 23676 --- [    Test worker] .b.t.c.SpringBootTestContextBootstrapper : Neither @ContextConfiguration nor @ContextHierarchy found for test class [com.interest.repository.PostRepositoryTest], using SpringBootContextLoader
2023-09-10 20:13:29.133  INFO 23676 --- [    Test worker] o.s.t.c.support.AbstractContextLoader    : Could not detect default resource locations for test class [com.interest.repository.PostRepositoryTest]: no resource found for suffixes {-context.xml, Context.groovy}.
2023-09-10 20:13:29.133  INFO 23676 --- [    Test worker] t.c.s.AnnotationConfigContextLoaderUtils : Could not detect default configuration classes for test class [com.interest.repository.PostRepositoryTest]: PostRepositoryTest does not declare any static, non-private, non-final, nested classes annotated with @Configuration.
2023-09-10 20:13:29.199  INFO 23676 --- [    Test worker] .b.t.c.SpringBootTestContextBootstrapper : Found @SpringBootConfiguration com.interest.Main for test class com.interest.repository.PostRepositoryTest
2023-09-10 20:13:29.231  INFO 23676 --- [    Test worker] .b.t.c.SpringBootTestContextBootstrapper : Loaded default TestExecutionListener class names from location [META-INF/spring.factories]: [org.springframework.boot.test.autoconfigure.restdocs.RestDocsTestExecutionListener, org.springframework.boot.test.autoconfigure.web.client.MockRestServiceServerResetTestExecutionListener, org.springframework.boot.test.autoconfigure.web.servlet.MockMvcPrintOnlyOnFailureTestExecutionListener, org.springframework.boot.test.autoconfigure.web.servlet.WebDriverTestExecutionListener, org.springframework.boot.test.autoconfigure.webservices.client.MockWebServiceServerTestExecutionListener, org.springframework.boot.test.mock.mockito.MockitoTestExecutionListener, org.springframework.boot.test.mock.mockito.ResetMocksTestExecutionListener, org.springframework.test.context.web.ServletTestExecutionListener, org.springframework.test.context.support.DirtiesContextBeforeModesTestExecutionListener, org.springframework.test.context.event.ApplicationEventsTestExecutionListener, org.springframework.test.context.support.DependencyInjectionTestExecutionListener, org.springframework.test.context.support.DirtiesContextTestExecutionListener, org.springframework.test.context.transaction.TransactionalTestExecutionListener, org.springframework.test.context.jdbc.SqlScriptsTestExecutionListener, org.springframework.test.context.event.EventPublishingTestExecutionListener]
2023-09-10 20:13:29.233  INFO 23676 --- [    Test worker] .b.t.c.SpringBootTestContextBootstrapper : Using TestExecutionListeners: [org.springframework.test.context.web.ServletTestExecutionListener@35b38986, org.springframework.test.context.support.DirtiesContextBeforeModesTestExecutionListener@1c000c2f, org.springframework.test.context.event.ApplicationEventsTestExecutionListener@2c7ac998, org.springframework.boot.test.mock.mockito.MockitoTestExecutionListener@7f6936cc, org.springframework.boot.test.autoconfigure.SpringBootDependencyInjectionTestExecutionListener@56bf6f1e, org.springframework.test.context.support.DirtiesContextTestExecutionListener@4ac26092, org.springframework.test.context.transaction.TransactionalTestExecutionListener@308e465b, org.springframework.test.context.jdbc.SqlScriptsTestExecutionListener@6e7d9d0, org.springframework.test.context.event.EventPublishingTestExecutionListener@2b0d818d, org.springframework.boot.test.autoconfigure.restdocs.RestDocsTestExecutionListener@7212b28e, org.springframework.boot.test.autoconfigure.web.client.MockRestServiceServerResetTestExecutionListener@306c8e09, org.springframework.boot.test.autoconfigure.web.servlet.MockMvcPrintOnlyOnFailureTestExecutionListener@87df88d, org.springframework.boot.test.autoconfigure.web.servlet.WebDriverTestExecutionListener@4f3b11e6, org.springframework.boot.test.autoconfigure.webservices.client.MockWebServiceServerTestExecutionListener@28da5c4d, org.springframework.boot.test.mock.mockito.ResetMocksTestExecutionListener@7c928399]
Hibernate: 
    insert 
    into
        post
        (id, crated_at, last_modified_at, content, password, title) 
    values
        (default, ?, ?, ?, ?, ?)
Hibernate: 
    select
        post0_.id as id1_0_0_,
        post0_.crated_at as crated_a2_0_0_,
        post0_.last_modified_at as last_mod3_0_0_,
        post0_.content as content4_0_0_,
        post0_.password as password5_0_0_,
        post0_.title as title6_0_0_ 
    from
        post post0_ 
    where
        post0_.id=?
]]></system-out>
  <system-err><![CDATA[]]></system-err>
</testsuite>
