<?xml version="1.0" encoding="UTF-8"?>
<testsuite name="com.interest.repository.UsersRepositoryTest" tests="1" skipped="0" failures="0" errors="0" timestamp="2023-09-10T11:13:29" hostname="DESKTOP-PDQ5IFR" time="0.113">
  <properties/>
  <testcase name="users_객체_생성_성공()" classname="com.interest.repository.UsersRepositoryTest" time="0.113"/>
  <system-out><![CDATA[2023-09-10 20:13:29.438  INFO 23676 --- [    Test worker] .b.t.c.SpringBootTestContextBootstrapper : Neither @ContextConfiguration nor @ContextHierarchy found for test class [com.interest.repository.UsersRepositoryTest], using SpringBootContextLoader
2023-09-10 20:13:29.449  INFO 23676 --- [    Test worker] o.s.t.c.support.AbstractContextLoader    : Could not detect default resource locations for test class [com.interest.repository.UsersRepositoryTest]: no resource found for suffixes {-context.xml, Context.groovy}.
2023-09-10 20:13:29.454  INFO 23676 --- [    Test worker] t.c.s.AnnotationConfigContextLoaderUtils : Could not detect default configuration classes for test class [com.interest.repository.UsersRepositoryTest]: UsersRepositoryTest does not declare any static, non-private, non-final, nested classes annotated with @Configuration.
2023-09-10 20:13:29.472  INFO 23676 --- [    Test worker] .b.t.c.SpringBootTestContextBootstrapper : Found @SpringBootConfiguration com.interest.Main for test class com.interest.repository.UsersRepositoryTest
2023-09-10 20:13:29.492  INFO 23676 --- [    Test worker] .b.t.c.SpringBootTestContextBootstrapper : Loaded default TestExecutionListener class names from location [META-INF/spring.factories]: [org.springframework.boot.test.autoconfigure.restdocs.RestDocsTestExecutionListener, org.springframework.boot.test.autoconfigure.web.client.MockRestServiceServerResetTestExecutionListener, org.springframework.boot.test.autoconfigure.web.servlet.MockMvcPrintOnlyOnFailureTestExecutionListener, org.springframework.boot.test.autoconfigure.web.servlet.WebDriverTestExecutionListener, org.springframework.boot.test.autoconfigure.webservices.client.MockWebServiceServerTestExecutionListener, org.springframework.boot.test.mock.mockito.MockitoTestExecutionListener, org.springframework.boot.test.mock.mockito.ResetMocksTestExecutionListener, org.springframework.test.context.web.ServletTestExecutionListener, org.springframework.test.context.support.DirtiesContextBeforeModesTestExecutionListener, org.springframework.test.context.event.ApplicationEventsTestExecutionListener, org.springframework.test.context.support.DependencyInjectionTestExecutionListener, org.springframework.test.context.support.DirtiesContextTestExecutionListener, org.springframework.test.context.transaction.TransactionalTestExecutionListener, org.springframework.test.context.jdbc.SqlScriptsTestExecutionListener, org.springframework.test.context.event.EventPublishingTestExecutionListener]
2023-09-10 20:13:29.495  INFO 23676 --- [    Test worker] .b.t.c.SpringBootTestContextBootstrapper : Using TestExecutionListeners: [org.springframework.test.context.web.ServletTestExecutionListener@682482ee, org.springframework.test.context.support.DirtiesContextBeforeModesTestExecutionListener@261b27db, org.springframework.test.context.event.ApplicationEventsTestExecutionListener@175745fc, org.springframework.boot.test.mock.mockito.MockitoTestExecutionListener@2c1a0f82, org.springframework.boot.test.autoconfigure.SpringBootDependencyInjectionTestExecutionListener@60e5db1d, org.springframework.test.context.support.DirtiesContextTestExecutionListener@1f3f0d25, org.springframework.test.context.transaction.TransactionalTestExecutionListener@32eac39b, org.springframework.test.context.jdbc.SqlScriptsTestExecutionListener@4ef0bc5b, org.springframework.test.context.event.EventPublishingTestExecutionListener@83bbab, org.springframework.boot.test.autoconfigure.restdocs.RestDocsTestExecutionListener@67b2c8bb, org.springframework.boot.test.autoconfigure.web.client.MockRestServiceServerResetTestExecutionListener@32029cd, org.springframework.boot.test.autoconfigure.web.servlet.MockMvcPrintOnlyOnFailureTestExecutionListener@48f95f96, org.springframework.boot.test.autoconfigure.web.servlet.WebDriverTestExecutionListener@55bafbc1, org.springframework.boot.test.autoconfigure.webservices.client.MockWebServiceServerTestExecutionListener@24bc06dd, org.springframework.boot.test.mock.mockito.ResetMocksTestExecutionListener@26d02dc6]
Hibernate: 
    insert 
    into
        users
        (id, crated_at, last_modified_at, email, password, user_name) 
    values
        (default, ?, ?, ?, ?, ?)
]]></system-out>
  <system-err><![CDATA[]]></system-err>
</testsuite>
